<?xml version="1.0" encoding="UTF-8"?>
<testng-results ignored="0" total="4" passed="4" failed="0" skipped="0">
  <reporter-output>
  </reporter-output>
  <suite started-at="2023-05-11T12:30:27 IST" name="Default suite" finished-at="2023-05-11T12:30:28 IST" duration-ms="65">
    <groups>
    </groups>
    <test started-at="2023-05-11T12:30:27 IST" name="Default test" finished-at="2023-05-11T12:30:28 IST" duration-ms="65">
      <class name="com.TestNGAttributes.JXLDataProvider">
        <test-method signature="loginData(java.lang.String,java.lang.String)[pri:0, instance:com.TestNGAttributes.JXLDataProvider@a3d8174]" started-at="2023-05-11T12:30:28 IST" name="loginData" data-provider="excelData" finished-at="2023-05-11T12:30:28 IST" duration-ms="2" status="PASS">
          <params>
            <param index="0">
              <value>
                <![CDATA[Admin]]>
              </value>
            </param>
            <param index="1">
              <value>
                <![CDATA[123456]]>
              </value>
            </param>
          </params>
          <reporter-output>
          </reporter-output>
        </test-method> <!-- loginData -->
        <test-method signature="loginData(java.lang.String,java.lang.String)[pri:0, instance:com.TestNGAttributes.JXLDataProvider@a3d8174]" started-at="2023-05-11T12:30:28 IST" name="loginData" data-provider="excelData" finished-at="2023-05-11T12:30:28 IST" duration-ms="1" status="PASS">
          <params>
            <param index="0">
              <value>
                <![CDATA[Admin123]]>
              </value>
            </param>
            <param index="1">
              <value>
                <![CDATA[admin123]]>
              </value>
            </param>
          </params>
          <reporter-output>
          </reporter-output>
        </test-method> <!-- loginData -->
        <test-method signature="loginData(java.lang.String,java.lang.String)[pri:0, instance:com.TestNGAttributes.JXLDataProvider@a3d8174]" started-at="2023-05-11T12:30:28 IST" name="loginData" data-provider="excelData" finished-at="2023-05-11T12:30:28 IST" duration-ms="1" status="PASS">
          <params>
            <param index="0">
              <value>
                <![CDATA[Admin123]]>
              </value>
            </param>
            <param index="1">
              <value>
                <![CDATA[123456]]>
              </value>
            </param>
          </params>
          <reporter-output>
          </reporter-output>
        </test-method> <!-- loginData -->
        <test-method signature="loginData(java.lang.String,java.lang.String)[pri:0, instance:com.TestNGAttributes.JXLDataProvider@a3d8174]" started-at="2023-05-11T12:30:28 IST" name="loginData" data-provider="excelData" finished-at="2023-05-11T12:30:28 IST" duration-ms="1" status="PASS">
          <params>
            <param index="0">
              <value>
                <![CDATA[Admin]]>
              </value>
            </param>
            <param index="1">
              <value>
                <![CDATA[admin123]]>
              </value>
            </param>
          </params>
          <reporter-output>
          </reporter-output>
        </test-method> <!-- loginData -->
      </class> <!-- com.TestNGAttributes.JXLDataProvider -->
    </test> <!-- Default test -->
  </suite> <!-- Default suite -->
</testng-results>
