<?xml version="1.0" encoding="UTF-8"?>
<!-- Generated by org.testng.reporters.JUnitXMLReporter -->
<testsuite ignored="0" hostname="Sabarinathans-MacBook-Air.local" failures="0" tests="4" name="Default test" time="0.065" errors="0" timestamp="2023-05-11T12:30:28 IST">
  <testcase classname="com.TestNGAttributes.JXLDataProvider" name="loginData" time="0.002"/>
  <testcase classname="com.TestNGAttributes.JXLDataProvider" name="loginData" time="0.001"/>
  <testcase classname="com.TestNGAttributes.JXLDataProvider" name="loginData" time="0.001"/>
  <testcase classname="com.TestNGAttributes.JXLDataProvider" name="loginData" time="0.001"/>
</testsuite> <!-- Default test -->
