<?xml version="1.0" encoding="UTF-8"?>
<!-- Generated by org.testng.reporters.JUnitXMLReporter -->
<testsuite ignored="25" hostname="Sabarinathans-MacBook-Air.local" failures="0" tests="4" name="Test Cases" time="0.02" errors="0" timestamp="2023-05-08T21:17:11 IST">
  <testcase classname="com.TestNGAttributes.DependsOnGroup" name="appleMarket" time="0.003"/>
  <testcase classname="com.TestNGAttributes.DependsOnGroup" name="ipad" time="0.001"/>
  <testcase classname="com.TestNGAttributes.DependsOnGroup" name="iphone" time="0.001"/>
  <testcase classname="com.TestNGAttributes.DependsOnGroup" name="macbook" time="0.0"/>
  <testcase classname="com.TestNGAttributes.SampleTestCase" name="aMyFirstTC" time="0.0">
    <ignored/>
  </testcase> <!-- aMyFirstTC -->
  <testcase classname="com.TestNGAttributes.DependOnMethod" name="ugDg" time="0.0">
    <ignored/>
  </testcase> <!-- ugDg -->
  <testcase classname="com.TestNGAttributes.PriorityAtt" name="firstTC" time="0.0">
    <ignored/>
  </testcase> <!-- firstTC -->
  <testcase classname="com.TestNGAttributes.Descriptions" name="fifthTC" time="0.0">
    <ignored/>
  </testcase> <!-- fifthTC -->
  <testcase classname="com.TestNGAttributes.Descriptions" name="secountTC" time="0.0">
    <ignored/>
  </testcase> <!-- secountTC -->
  <testcase classname="com.TestNGAttributes.Descriptions" name="forthTC" time="0.0">
    <ignored/>
  </testcase> <!-- forthTC -->
  <testcase classname="com.TestNGAttributes.DependsOnGroup" name="samsung" time="0.0">
    <ignored/>
  </testcase> <!-- samsung -->
  <testcase classname="com.TestNGAttributes.DependOnMethod" name="hrStd" time="0.0">
    <ignored/>
  </testcase> <!-- hrStd -->
  <testcase classname="com.TestNGAttributes.EnabledAtt" name="forthTC" time="0.0">
    <ignored/>
  </testcase> <!-- forthTC -->
  <testcase classname="com.TestNGAttributes.PriorityAtt" name="fifthTC" time="0.0">
    <ignored/>
  </testcase> <!-- fifthTC -->
  <testcase classname="com.TestNGAttributes.DependOnMethod" name="phd" time="0.0">
    <ignored/>
  </testcase> <!-- phd -->
  <testcase classname="com.TestNGAttributes.DependOnMethod" name="pgDg" time="0.0">
    <ignored/>
  </testcase> <!-- pgDg -->
  <testcase classname="com.TestNGAttributes.EnabledAtt" name="secountTC" time="0.0">
    <ignored/>
  </testcase> <!-- secountTC -->
  <testcase classname="com.TestNGAttributes.PriorityAtt" name="thirdTC" time="0.0">
    <ignored/>
  </testcase> <!-- thirdTC -->
  <testcase classname="com.TestNGAttributes.EnabledAtt" name="firstTC" time="0.0">
    <ignored/>
  </testcase> <!-- firstTC -->
  <testcase classname="com.TestNGAttributes.Descriptions" name="firstTC" time="0.0">
    <ignored/>
  </testcase> <!-- firstTC -->
  <testcase classname="com.TestNGAttributes.DependsOnGroup" name="nothing" time="0.0">
    <ignored/>
  </testcase> <!-- nothing -->
  <testcase classname="com.TestNGAttributes.DependsOnGroup" name="androidMarker" time="0.0">
    <ignored/>
  </testcase> <!-- androidMarker -->
  <testcase classname="com.TestNGAttributes.PriorityAtt" name="secountTC" time="0.0">
    <ignored/>
  </testcase> <!-- secountTC -->
  <testcase classname="com.TestNGAttributes.DependOnMethod" name="schooling" time="0.0">
    <ignored/>
  </testcase> <!-- schooling -->
  <testcase classname="com.TestNGAttributes.EnabledAtt" name="fifthTC" time="0.0">
    <ignored/>
  </testcase> <!-- fifthTC -->
  <testcase classname="com.TestNGAttributes.Descriptions" name="thirdTC" time="0.0">
    <ignored/>
  </testcase> <!-- thirdTC -->
  <testcase classname="com.TestNGAttributes.PriorityAtt" name="forthTC" time="0.0">
    <ignored/>
  </testcase> <!-- forthTC -->
  <testcase classname="com.TestNGAttributes.EnabledAtt" name="thirdTC" time="0.0">
    <ignored/>
  </testcase> <!-- thirdTC -->
  <testcase classname="com.TestNGAttributes.SampleTestCase" name="helloWorld" time="0.0">
    <ignored/>
  </testcase> <!-- helloWorld -->
</testsuite> <!-- Test Cases -->
