<?xml version="1.0" encoding="UTF-8"?>
<!-- Generated by org.testng.reporters.JUnitXMLReporter -->
<testsuite ignored="0" hostname="Sabarinathans-MacBook-Air.local" failures="0" tests="6" name="LoginTest" time="0.022" errors="0" timestamp="2023-05-11T12:59:09 IST">
  <testcase classname="businessComponents.DemoAtt" name="std" time="0.003"/>
  <testcase classname="businessComponents.DemoAtt" name="hrSec" time="0.0"/>
  <testcase classname="businessComponents.DemoAtt" name="ug" time="0.0"/>
  <testcase classname="businessComponents.DemoAtt" name="pg" time="0.0"/>
  <testcase classname="businessComponents.DemoAtt" name="pHD" time="0.0"/>
  <testcase classname="businessComponents.DemoAtt" name="dr" time="0.0"/>
</testsuite> <!-- LoginTest -->
